[2023-10-30 17:06:27,325] multiqc                                            [DEBUG  ]  This is MultiQC v1.17 (5251707)
[2023-10-30 17:06:27,325] multiqc                                            [DEBUG  ]  Command used: /maps/projects/mjolnir1/people/jvg691/sceloporus_mg/.snakemake/conda/9e835f73c1efb10391cdce833579c936_/bin/multiqc --filename reads --title reads --force --outdir report/by_step results/reads/Sg1.cloaca_1_fastqc.zip results/reads/Sg1.cloaca_2_fastqc.zip results/reads/Sg1.feces_1_fastqc.zip results/reads/Sg1.feces_2_fastqc.zip results/reads/Sg10.cloaca_1_fastqc.zip results/reads/Sg10.cloaca_2_fastqc.zip results/reads/Sg10.feces_1_fastqc.zip results/reads/Sg10.feces_2_fastqc.zip results/reads/Sg2.cloaca_1_fastqc.zip results/reads/Sg2.cloaca_2_fastqc.zip results/reads/Sg2.feces_1_fastqc.zip results/reads/Sg2.feces_2_fastqc.zip results/reads/Sg3.cloaca_1_fastqc.zip results/reads/Sg3.cloaca_2_fastqc.zip results/reads/Sg3.feces_1_fastqc.zip results/reads/Sg3.feces_2_fastqc.zip results/reads/Sg4.cloaca_1_fastqc.zip results/reads/Sg4.cloaca_2_fastqc.zip results/reads/Sg4.feces_1_fastqc.zip results/reads/Sg4.feces_2_fastqc.zip results/reads/Sg5.cloaca_1_fastqc.zip results/reads/Sg5.cloaca_2_fastqc.zip results/reads/Sg5.feces_1_fastqc.zip results/reads/Sg5.feces_2_fastqc.zip results/reads/Sg6.cloaca_1_fastqc.zip results/reads/Sg6.cloaca_2_fastqc.zip results/reads/Sg6.feces_1_fastqc.zip results/reads/Sg6.feces_2_fastqc.zip results/reads/Sg7.cloaca_1_fastqc.zip results/reads/Sg7.cloaca_2_fastqc.zip results/reads/Sg7.feces_1_fastqc.zip results/reads/Sg7.feces_2_fastqc.zip results/reads/Sg8.cloaca_1_fastqc.zip results/reads/Sg8.cloaca_2_fastqc.zip results/reads/Sg8.feces_1_fastqc.zip results/reads/Sg8.feces_2_fastqc.zip results/reads/Sg9.cloaca_1_fastqc.zip results/reads/Sg9.cloaca_2_fastqc.zip results/reads/Sg9.feces_1_fastqc.zip results/reads/Sg9.feces_2_fastqc.zip results/reads/Sg1.cloaca_1_fastqc.zip results/reads/Sg1.cloaca_2_fastqc.zip results/reads/Sg1.feces_1_fastqc.zip results/reads/Sg1.feces_2_fastqc.zip results/reads/Sg10.cloaca_1_fastqc.zip results/reads/Sg10.cloaca_2_fastqc.zip results/reads/Sg10.feces_1_fastqc.zip results/reads/Sg10.feces_2_fastqc.zip results/reads/Sg2.cloaca_1_fastqc.zip results/reads/Sg2.cloaca_2_fastqc.zip results/reads/Sg2.feces_1_fastqc.zip results/reads/Sg2.feces_2_fastqc.zip results/reads/Sg3.cloaca_1_fastqc.zip results/reads/Sg3.cloaca_2_fastqc.zip results/reads/Sg3.feces_1_fastqc.zip results/reads/Sg3.feces_2_fastqc.zip results/reads/Sg4.cloaca_1_fastqc.zip results/reads/Sg4.cloaca_2_fastqc.zip results/reads/Sg4.feces_1_fastqc.zip results/reads/Sg4.feces_2_fastqc.zip results/reads/Sg5.cloaca_1_fastqc.zip results/reads/Sg5.cloaca_2_fastqc.zip results/reads/Sg5.feces_1_fastqc.zip results/reads/Sg5.feces_2_fastqc.zip results/reads/Sg6.cloaca_1_fastqc.zip results/reads/Sg6.cloaca_2_fastqc.zip results/reads/Sg6.feces_1_fastqc.zip results/reads/Sg6.feces_2_fastqc.zip results/reads/Sg7.cloaca_1_fastqc.zip results/reads/Sg7.cloaca_2_fastqc.zip results/reads/Sg7.feces_1_fastqc.zip results/reads/Sg7.feces_2_fastqc.zip results/reads/Sg8.cloaca_1_fastqc.zip results/reads/Sg8.cloaca_2_fastqc.zip results/reads/Sg8.feces_1_fastqc.zip results/reads/Sg8.feces_2_fastqc.zip results/reads/Sg9.cloaca_1_fastqc.zip results/reads/Sg9.cloaca_2_fastqc.zip results/reads/Sg9.feces_1_fastqc.zip results/reads/Sg9.feces_2_fastqc.zip results/reads/Sg1.cloaca_1_fastqc.zip results/reads/Sg1.cloaca_2_fastqc.zip results/reads/Sg10.cloaca_1_fastqc.zip results/reads/Sg10.cloaca_2_fastqc.zip results/reads/Sg2.cloaca_1_fastqc.zip results/reads/Sg2.cloaca_2_fastqc.zip results/reads/Sg3.cloaca_1_fastqc.zip results/reads/Sg3.cloaca_2_fastqc.zip results/reads/Sg4.cloaca_1_fastqc.zip results/reads/Sg4.cloaca_2_fastqc.zip results/reads/Sg5.cloaca_1_fastqc.zip results/reads/Sg5.cloaca_2_fastqc.zip results/reads/Sg6.cloaca_1_fastqc.zip results/reads/Sg6.cloaca_2_fastqc.zip results/reads/Sg7.cloaca_1_fastqc.zip results/reads/Sg7.cloaca_2_fastqc.zip results/reads/Sg8.cloaca_1_fastqc.zip results/reads/Sg8.cloaca_2_fastqc.zip results/reads/Sg9.cloaca_1_fastqc.zip results/reads/Sg9.cloaca_2_fastqc.zip results/reads/Sg1.feces_1_fastqc.zip results/reads/Sg1.feces_2_fastqc.zip results/reads/Sg10.feces_1_fastqc.zip results/reads/Sg10.feces_2_fastqc.zip results/reads/Sg2.feces_1_fastqc.zip results/reads/Sg2.feces_2_fastqc.zip results/reads/Sg3.feces_1_fastqc.zip results/reads/Sg3.feces_2_fastqc.zip results/reads/Sg4.feces_1_fastqc.zip results/reads/Sg4.feces_2_fastqc.zip results/reads/Sg5.feces_1_fastqc.zip results/reads/Sg5.feces_2_fastqc.zip results/reads/Sg6.feces_1_fastqc.zip results/reads/Sg6.feces_2_fastqc.zip results/reads/Sg7.feces_1_fastqc.zip results/reads/Sg7.feces_2_fastqc.zip results/reads/Sg8.feces_1_fastqc.zip results/reads/Sg8.feces_2_fastqc.zip results/reads/Sg9.feces_1_fastqc.zip results/reads/Sg9.feces_2_fastqc.zip
[2023-10-30 17:06:27,871] multiqc                                            [DEBUG  ]  Could not connect to multiqc.info for version check: module 'packaging.version' has no attribute 'StrictVersion'
[2023-10-30 17:06:27,871] multiqc                                            [DEBUG  ]  Working dir : /maps/projects/mjolnir1/people/jvg691/sceloporus_mg
[2023-10-30 17:06:27,871] multiqc                                            [DEBUG  ]  Template    : default
[2023-10-30 17:06:27,871] multiqc                                            [DEBUG  ]  Running Python 3.12.0 | packaged by conda-forge | (main, Oct  3 2023, 08:43:22) [GCC 12.3.0]
[2023-10-30 17:06:27,871] multiqc                                            [INFO   ]  Report title: reads
[2023-10-30 17:06:27,872] multiqc                                            [DEBUG  ]  Analysing modules: custom_content, ccs, ngsderive, purple, conpair, lima, peddy, somalier, methylQA, mosdepth, phantompeakqualtools, qualimap, preseq, hifiasm, quast, qorts, rna_seqc, rockhopper, rsem, rseqc, busco, bustools, goleft_indexcov, gffcompare, disambiguate, supernova, deeptools, sargasso, verifybamid, mirtrace, happy, mirtop, sambamba, gopeaks, homer, hops, macs2, theta2, snpeff, gatk, htseq, bcftools, featureCounts, fgbio, dragen, dragen_fastqc, dedup, pbmarkdup, damageprofiler, mapdamage, biobambam2, jcvi, mtnucratio, picard, vep, sentieon, bakta, prokka, qc3C, nanostat, samblaster, samtools, sexdeterrmine, eigenstratdatabasetools, bamtools, jellyfish, vcftools, longranger, stacks, varscan2, snippy, umitools, truvari, bbmap, bismark, biscuit, diamond, hicexplorer, hicup, hicpro, salmon, kallisto, slamdunk, star, hisat2, tophat, bowtie2, bowtie1, cellranger, snpsplit, odgi, pangolin, nextclade, freyja, humid, kat, leehom, librarian, adapterRemoval, bbduk, clipandmerge, cutadapt, flexbar, sourmash, kaiju, bracken, kraken, malt, motus, trimmomatic, sickle, skewer, sortmerna, biobloomtools, fastq_screen, afterqc, fastp, fastqc, filtlong, prinseqplusplus, pychopper, porechop, pycoqc, minionqc, anglerfish, multivcfanalyzer, clusterflow, checkqc, bcl2fastq, bclconvert, interop, ivar, flash, seqyclean, optitype, whatshap
[2023-10-30 17:06:27,872] multiqc                                            [DEBUG  ]  Using temporary directory for creating report: /tmp/tmpzr1wgvol
[2023-10-30 17:06:27,875] multiqc                                            [INFO   ]  Search path : /maps/projects/mjolnir1/people/jvg691/sceloporus_mg/results/reads/Sg1.cloaca_1_fastqc.zip
[2023-10-30 17:06:27,875] multiqc                                            [INFO   ]  Search path : /maps/projects/mjolnir1/people/jvg691/sceloporus_mg/results/reads/Sg1.cloaca_2_fastqc.zip
[2023-10-30 17:06:27,875] multiqc                                            [INFO   ]  Search path : /maps/projects/mjolnir1/people/jvg691/sceloporus_mg/results/reads/Sg1.feces_1_fastqc.zip
[2023-10-30 17:06:27,875] multiqc                                            [INFO   ]  Search path : /maps/projects/mjolnir1/people/jvg691/sceloporus_mg/results/reads/Sg1.feces_2_fastqc.zip
[2023-10-30 17:06:27,875] multiqc                                            [INFO   ]  Search path : /maps/projects/mjolnir1/people/jvg691/sceloporus_mg/results/reads/Sg10.cloaca_1_fastqc.zip
[2023-10-30 17:06:27,875] multiqc                                            [INFO   ]  Search path : /maps/projects/mjolnir1/people/jvg691/sceloporus_mg/results/reads/Sg10.cloaca_2_fastqc.zip
[2023-10-30 17:06:27,875] multiqc                                            [INFO   ]  Search path : /maps/projects/mjolnir1/people/jvg691/sceloporus_mg/results/reads/Sg10.feces_1_fastqc.zip
[2023-10-30 17:06:27,875] multiqc                                            [INFO   ]  Search path : /maps/projects/mjolnir1/people/jvg691/sceloporus_mg/results/reads/Sg10.feces_2_fastqc.zip
[2023-10-30 17:06:27,875] multiqc                                            [INFO   ]  Search path : /maps/projects/mjolnir1/people/jvg691/sceloporus_mg/results/reads/Sg2.cloaca_1_fastqc.zip
[2023-10-30 17:06:27,875] multiqc                                            [INFO   ]  Search path : /maps/projects/mjolnir1/people/jvg691/sceloporus_mg/results/reads/Sg2.cloaca_2_fastqc.zip
[2023-10-30 17:06:27,875] multiqc                                            [INFO   ]  Search path : /maps/projects/mjolnir1/people/jvg691/sceloporus_mg/results/reads/Sg2.feces_1_fastqc.zip
[2023-10-30 17:06:27,875] multiqc                                            [INFO   ]  Search path : /maps/projects/mjolnir1/people/jvg691/sceloporus_mg/results/reads/Sg2.feces_2_fastqc.zip
[2023-10-30 17:06:27,875] multiqc                                            [INFO   ]  Search path : /maps/projects/mjolnir1/people/jvg691/sceloporus_mg/results/reads/Sg3.cloaca_1_fastqc.zip
[2023-10-30 17:06:27,875] multiqc                                            [INFO   ]  Search path : /maps/projects/mjolnir1/people/jvg691/sceloporus_mg/results/reads/Sg3.cloaca_2_fastqc.zip
[2023-10-30 17:06:27,875] multiqc                                            [INFO   ]  Search path : /maps/projects/mjolnir1/people/jvg691/sceloporus_mg/results/reads/Sg3.feces_1_fastqc.zip
[2023-10-30 17:06:27,875] multiqc                                            [INFO   ]  Search path : /maps/projects/mjolnir1/people/jvg691/sceloporus_mg/results/reads/Sg3.feces_2_fastqc.zip
[2023-10-30 17:06:27,875] multiqc                                            [INFO   ]  Search path : /maps/projects/mjolnir1/people/jvg691/sceloporus_mg/results/reads/Sg4.cloaca_1_fastqc.zip
[2023-10-30 17:06:27,875] multiqc                                            [INFO   ]  Search path : /maps/projects/mjolnir1/people/jvg691/sceloporus_mg/results/reads/Sg4.cloaca_2_fastqc.zip
[2023-10-30 17:06:27,875] multiqc                                            [INFO   ]  Search path : /maps/projects/mjolnir1/people/jvg691/sceloporus_mg/results/reads/Sg4.feces_1_fastqc.zip
[2023-10-30 17:06:27,875] multiqc                                            [INFO   ]  Search path : /maps/projects/mjolnir1/people/jvg691/sceloporus_mg/results/reads/Sg4.feces_2_fastqc.zip
[2023-10-30 17:06:27,875] multiqc                                            [INFO   ]  Search path : /maps/projects/mjolnir1/people/jvg691/sceloporus_mg/results/reads/Sg5.cloaca_1_fastqc.zip
[2023-10-30 17:06:27,875] multiqc                                            [INFO   ]  Search path : /maps/projects/mjolnir1/people/jvg691/sceloporus_mg/results/reads/Sg5.cloaca_2_fastqc.zip
[2023-10-30 17:06:27,875] multiqc                                            [INFO   ]  Search path : /maps/projects/mjolnir1/people/jvg691/sceloporus_mg/results/reads/Sg5.feces_1_fastqc.zip
[2023-10-30 17:06:27,875] multiqc                                            [INFO   ]  Search path : /maps/projects/mjolnir1/people/jvg691/sceloporus_mg/results/reads/Sg5.feces_2_fastqc.zip
[2023-10-30 17:06:27,875] multiqc                                            [INFO   ]  Search path : /maps/projects/mjolnir1/people/jvg691/sceloporus_mg/results/reads/Sg6.cloaca_1_fastqc.zip
[2023-10-30 17:06:27,875] multiqc                                            [INFO   ]  Search path : /maps/projects/mjolnir1/people/jvg691/sceloporus_mg/results/reads/Sg6.cloaca_2_fastqc.zip
[2023-10-30 17:06:27,875] multiqc                                            [INFO   ]  Search path : /maps/projects/mjolnir1/people/jvg691/sceloporus_mg/results/reads/Sg6.feces_1_fastqc.zip
[2023-10-30 17:06:27,875] multiqc                                            [INFO   ]  Search path : /maps/projects/mjolnir1/people/jvg691/sceloporus_mg/results/reads/Sg6.feces_2_fastqc.zip
[2023-10-30 17:06:27,875] multiqc                                            [INFO   ]  Search path : /maps/projects/mjolnir1/people/jvg691/sceloporus_mg/results/reads/Sg7.cloaca_1_fastqc.zip
[2023-10-30 17:06:27,875] multiqc                                            [INFO   ]  Search path : /maps/projects/mjolnir1/people/jvg691/sceloporus_mg/results/reads/Sg7.cloaca_2_fastqc.zip
[2023-10-30 17:06:27,875] multiqc                                            [INFO   ]  Search path : /maps/projects/mjolnir1/people/jvg691/sceloporus_mg/results/reads/Sg7.feces_1_fastqc.zip
[2023-10-30 17:06:27,875] multiqc                                            [INFO   ]  Search path : /maps/projects/mjolnir1/people/jvg691/sceloporus_mg/results/reads/Sg7.feces_2_fastqc.zip
[2023-10-30 17:06:27,875] multiqc                                            [INFO   ]  Search path : /maps/projects/mjolnir1/people/jvg691/sceloporus_mg/results/reads/Sg8.cloaca_1_fastqc.zip
[2023-10-30 17:06:27,875] multiqc                                            [INFO   ]  Search path : /maps/projects/mjolnir1/people/jvg691/sceloporus_mg/results/reads/Sg8.cloaca_2_fastqc.zip
[2023-10-30 17:06:27,875] multiqc                                            [INFO   ]  Search path : /maps/projects/mjolnir1/people/jvg691/sceloporus_mg/results/reads/Sg8.feces_1_fastqc.zip
[2023-10-30 17:06:27,875] multiqc                                            [INFO   ]  Search path : /maps/projects/mjolnir1/people/jvg691/sceloporus_mg/results/reads/Sg8.feces_2_fastqc.zip
[2023-10-30 17:06:27,875] multiqc                                            [INFO   ]  Search path : /maps/projects/mjolnir1/people/jvg691/sceloporus_mg/results/reads/Sg9.cloaca_1_fastqc.zip
[2023-10-30 17:06:27,875] multiqc                                            [INFO   ]  Search path : /maps/projects/mjolnir1/people/jvg691/sceloporus_mg/results/reads/Sg9.cloaca_2_fastqc.zip
[2023-10-30 17:06:27,875] multiqc                                            [INFO   ]  Search path : /maps/projects/mjolnir1/people/jvg691/sceloporus_mg/results/reads/Sg9.feces_1_fastqc.zip
[2023-10-30 17:06:27,875] multiqc                                            [INFO   ]  Search path : /maps/projects/mjolnir1/people/jvg691/sceloporus_mg/results/reads/Sg9.feces_2_fastqc.zip
[2023-10-30 17:06:27,875] multiqc                                            [INFO   ]  Search path : /maps/projects/mjolnir1/people/jvg691/sceloporus_mg/results/reads/Sg1.cloaca_1_fastqc.zip
[2023-10-30 17:06:27,875] multiqc                                            [INFO   ]  Search path : /maps/projects/mjolnir1/people/jvg691/sceloporus_mg/results/reads/Sg1.cloaca_2_fastqc.zip
[2023-10-30 17:06:27,876] multiqc                                            [INFO   ]  Search path : /maps/projects/mjolnir1/people/jvg691/sceloporus_mg/results/reads/Sg1.feces_1_fastqc.zip
[2023-10-30 17:06:27,876] multiqc                                            [INFO   ]  Search path : /maps/projects/mjolnir1/people/jvg691/sceloporus_mg/results/reads/Sg1.feces_2_fastqc.zip
[2023-10-30 17:06:27,876] multiqc                                            [INFO   ]  Search path : /maps/projects/mjolnir1/people/jvg691/sceloporus_mg/results/reads/Sg10.cloaca_1_fastqc.zip
[2023-10-30 17:06:27,876] multiqc                                            [INFO   ]  Search path : /maps/projects/mjolnir1/people/jvg691/sceloporus_mg/results/reads/Sg10.cloaca_2_fastqc.zip
[2023-10-30 17:06:27,876] multiqc                                            [INFO   ]  Search path : /maps/projects/mjolnir1/people/jvg691/sceloporus_mg/results/reads/Sg10.feces_1_fastqc.zip
[2023-10-30 17:06:27,876] multiqc                                            [INFO   ]  Search path : /maps/projects/mjolnir1/people/jvg691/sceloporus_mg/results/reads/Sg10.feces_2_fastqc.zip
[2023-10-30 17:06:27,876] multiqc                                            [INFO   ]  Search path : /maps/projects/mjolnir1/people/jvg691/sceloporus_mg/results/reads/Sg2.cloaca_1_fastqc.zip
[2023-10-30 17:06:27,876] multiqc                                            [INFO   ]  Search path : /maps/projects/mjolnir1/people/jvg691/sceloporus_mg/results/reads/Sg2.cloaca_2_fastqc.zip
[2023-10-30 17:06:27,876] multiqc                                            [INFO   ]  Search path : /maps/projects/mjolnir1/people/jvg691/sceloporus_mg/results/reads/Sg2.feces_1_fastqc.zip
[2023-10-30 17:06:27,876] multiqc                                            [INFO   ]  Search path : /maps/projects/mjolnir1/people/jvg691/sceloporus_mg/results/reads/Sg2.feces_2_fastqc.zip
[2023-10-30 17:06:27,876] multiqc                                            [INFO   ]  Search path : /maps/projects/mjolnir1/people/jvg691/sceloporus_mg/results/reads/Sg3.cloaca_1_fastqc.zip
[2023-10-30 17:06:27,876] multiqc                                            [INFO   ]  Search path : /maps/projects/mjolnir1/people/jvg691/sceloporus_mg/results/reads/Sg3.cloaca_2_fastqc.zip
[2023-10-30 17:06:27,876] multiqc                                            [INFO   ]  Search path : /maps/projects/mjolnir1/people/jvg691/sceloporus_mg/results/reads/Sg3.feces_1_fastqc.zip
[2023-10-30 17:06:27,876] multiqc                                            [INFO   ]  Search path : /maps/projects/mjolnir1/people/jvg691/sceloporus_mg/results/reads/Sg3.feces_2_fastqc.zip
[2023-10-30 17:06:27,876] multiqc                                            [INFO   ]  Search path : /maps/projects/mjolnir1/people/jvg691/sceloporus_mg/results/reads/Sg4.cloaca_1_fastqc.zip
[2023-10-30 17:06:27,876] multiqc                                            [INFO   ]  Search path : /maps/projects/mjolnir1/people/jvg691/sceloporus_mg/results/reads/Sg4.cloaca_2_fastqc.zip
[2023-10-30 17:06:27,876] multiqc                                            [INFO   ]  Search path : /maps/projects/mjolnir1/people/jvg691/sceloporus_mg/results/reads/Sg4.feces_1_fastqc.zip
[2023-10-30 17:06:27,876] multiqc                                            [INFO   ]  Search path : /maps/projects/mjolnir1/people/jvg691/sceloporus_mg/results/reads/Sg4.feces_2_fastqc.zip
[2023-10-30 17:06:27,876] multiqc                                            [INFO   ]  Search path : /maps/projects/mjolnir1/people/jvg691/sceloporus_mg/results/reads/Sg5.cloaca_1_fastqc.zip
[2023-10-30 17:06:27,876] multiqc                                            [INFO   ]  Search path : /maps/projects/mjolnir1/people/jvg691/sceloporus_mg/results/reads/Sg5.cloaca_2_fastqc.zip
[2023-10-30 17:06:27,876] multiqc                                            [INFO   ]  Search path : /maps/projects/mjolnir1/people/jvg691/sceloporus_mg/results/reads/Sg5.feces_1_fastqc.zip
[2023-10-30 17:06:27,876] multiqc                                            [INFO   ]  Search path : /maps/projects/mjolnir1/people/jvg691/sceloporus_mg/results/reads/Sg5.feces_2_fastqc.zip
[2023-10-30 17:06:27,876] multiqc                                            [INFO   ]  Search path : /maps/projects/mjolnir1/people/jvg691/sceloporus_mg/results/reads/Sg6.cloaca_1_fastqc.zip
[2023-10-30 17:06:27,876] multiqc                                            [INFO   ]  Search path : /maps/projects/mjolnir1/people/jvg691/sceloporus_mg/results/reads/Sg6.cloaca_2_fastqc.zip
[2023-10-30 17:06:27,876] multiqc                                            [INFO   ]  Search path : /maps/projects/mjolnir1/people/jvg691/sceloporus_mg/results/reads/Sg6.feces_1_fastqc.zip
[2023-10-30 17:06:27,876] multiqc                                            [INFO   ]  Search path : /maps/projects/mjolnir1/people/jvg691/sceloporus_mg/results/reads/Sg6.feces_2_fastqc.zip
[2023-10-30 17:06:27,876] multiqc                                            [INFO   ]  Search path : /maps/projects/mjolnir1/people/jvg691/sceloporus_mg/results/reads/Sg7.cloaca_1_fastqc.zip
[2023-10-30 17:06:27,876] multiqc                                            [INFO   ]  Search path : /maps/projects/mjolnir1/people/jvg691/sceloporus_mg/results/reads/Sg7.cloaca_2_fastqc.zip
[2023-10-30 17:06:27,876] multiqc                                            [INFO   ]  Search path : /maps/projects/mjolnir1/people/jvg691/sceloporus_mg/results/reads/Sg7.feces_1_fastqc.zip
[2023-10-30 17:06:27,876] multiqc                                            [INFO   ]  Search path : /maps/projects/mjolnir1/people/jvg691/sceloporus_mg/results/reads/Sg7.feces_2_fastqc.zip
[2023-10-30 17:06:27,876] multiqc                                            [INFO   ]  Search path : /maps/projects/mjolnir1/people/jvg691/sceloporus_mg/results/reads/Sg8.cloaca_1_fastqc.zip
[2023-10-30 17:06:27,876] multiqc                                            [INFO   ]  Search path : /maps/projects/mjolnir1/people/jvg691/sceloporus_mg/results/reads/Sg8.cloaca_2_fastqc.zip
[2023-10-30 17:06:27,876] multiqc                                            [INFO   ]  Search path : /maps/projects/mjolnir1/people/jvg691/sceloporus_mg/results/reads/Sg8.feces_1_fastqc.zip
[2023-10-30 17:06:27,876] multiqc                                            [INFO   ]  Search path : /maps/projects/mjolnir1/people/jvg691/sceloporus_mg/results/reads/Sg8.feces_2_fastqc.zip
[2023-10-30 17:06:27,876] multiqc                                            [INFO   ]  Search path : /maps/projects/mjolnir1/people/jvg691/sceloporus_mg/results/reads/Sg9.cloaca_1_fastqc.zip
[2023-10-30 17:06:27,876] multiqc                                            [INFO   ]  Search path : /maps/projects/mjolnir1/people/jvg691/sceloporus_mg/results/reads/Sg9.cloaca_2_fastqc.zip
[2023-10-30 17:06:27,876] multiqc                                            [INFO   ]  Search path : /maps/projects/mjolnir1/people/jvg691/sceloporus_mg/results/reads/Sg9.feces_1_fastqc.zip
[2023-10-30 17:06:27,876] multiqc                                            [INFO   ]  Search path : /maps/projects/mjolnir1/people/jvg691/sceloporus_mg/results/reads/Sg9.feces_2_fastqc.zip
[2023-10-30 17:06:27,876] multiqc                                            [INFO   ]  Search path : /maps/projects/mjolnir1/people/jvg691/sceloporus_mg/results/reads/Sg1.cloaca_1_fastqc.zip
[2023-10-30 17:06:27,876] multiqc                                            [INFO   ]  Search path : /maps/projects/mjolnir1/people/jvg691/sceloporus_mg/results/reads/Sg1.cloaca_2_fastqc.zip
[2023-10-30 17:06:27,876] multiqc                                            [INFO   ]  Search path : /maps/projects/mjolnir1/people/jvg691/sceloporus_mg/results/reads/Sg10.cloaca_1_fastqc.zip
[2023-10-30 17:06:27,876] multiqc                                            [INFO   ]  Search path : /maps/projects/mjolnir1/people/jvg691/sceloporus_mg/results/reads/Sg10.cloaca_2_fastqc.zip
[2023-10-30 17:06:27,876] multiqc                                            [INFO   ]  Search path : /maps/projects/mjolnir1/people/jvg691/sceloporus_mg/results/reads/Sg2.cloaca_1_fastqc.zip
[2023-10-30 17:06:27,876] multiqc                                            [INFO   ]  Search path : /maps/projects/mjolnir1/people/jvg691/sceloporus_mg/results/reads/Sg2.cloaca_2_fastqc.zip
[2023-10-30 17:06:27,876] multiqc                                            [INFO   ]  Search path : /maps/projects/mjolnir1/people/jvg691/sceloporus_mg/results/reads/Sg3.cloaca_1_fastqc.zip
[2023-10-30 17:06:27,876] multiqc                                            [INFO   ]  Search path : /maps/projects/mjolnir1/people/jvg691/sceloporus_mg/results/reads/Sg3.cloaca_2_fastqc.zip
[2023-10-30 17:06:27,876] multiqc                                            [INFO   ]  Search path : /maps/projects/mjolnir1/people/jvg691/sceloporus_mg/results/reads/Sg4.cloaca_1_fastqc.zip
[2023-10-30 17:06:27,876] multiqc                                            [INFO   ]  Search path : /maps/projects/mjolnir1/people/jvg691/sceloporus_mg/results/reads/Sg4.cloaca_2_fastqc.zip
[2023-10-30 17:06:27,877] multiqc                                            [INFO   ]  Search path : /maps/projects/mjolnir1/people/jvg691/sceloporus_mg/results/reads/Sg5.cloaca_1_fastqc.zip
[2023-10-30 17:06:27,877] multiqc                                            [INFO   ]  Search path : /maps/projects/mjolnir1/people/jvg691/sceloporus_mg/results/reads/Sg5.cloaca_2_fastqc.zip
[2023-10-30 17:06:27,877] multiqc                                            [INFO   ]  Search path : /maps/projects/mjolnir1/people/jvg691/sceloporus_mg/results/reads/Sg6.cloaca_1_fastqc.zip
[2023-10-30 17:06:27,877] multiqc                                            [INFO   ]  Search path : /maps/projects/mjolnir1/people/jvg691/sceloporus_mg/results/reads/Sg6.cloaca_2_fastqc.zip
[2023-10-30 17:06:27,877] multiqc                                            [INFO   ]  Search path : /maps/projects/mjolnir1/people/jvg691/sceloporus_mg/results/reads/Sg7.cloaca_1_fastqc.zip
[2023-10-30 17:06:27,877] multiqc                                            [INFO   ]  Search path : /maps/projects/mjolnir1/people/jvg691/sceloporus_mg/results/reads/Sg7.cloaca_2_fastqc.zip
[2023-10-30 17:06:27,877] multiqc                                            [INFO   ]  Search path : /maps/projects/mjolnir1/people/jvg691/sceloporus_mg/results/reads/Sg8.cloaca_1_fastqc.zip
[2023-10-30 17:06:27,877] multiqc                                            [INFO   ]  Search path : /maps/projects/mjolnir1/people/jvg691/sceloporus_mg/results/reads/Sg8.cloaca_2_fastqc.zip
[2023-10-30 17:06:27,877] multiqc                                            [INFO   ]  Search path : /maps/projects/mjolnir1/people/jvg691/sceloporus_mg/results/reads/Sg9.cloaca_1_fastqc.zip
[2023-10-30 17:06:27,877] multiqc                                            [INFO   ]  Search path : /maps/projects/mjolnir1/people/jvg691/sceloporus_mg/results/reads/Sg9.cloaca_2_fastqc.zip
[2023-10-30 17:06:27,877] multiqc                                            [INFO   ]  Search path : /maps/projects/mjolnir1/people/jvg691/sceloporus_mg/results/reads/Sg1.feces_1_fastqc.zip
[2023-10-30 17:06:27,877] multiqc                                            [INFO   ]  Search path : /maps/projects/mjolnir1/people/jvg691/sceloporus_mg/results/reads/Sg1.feces_2_fastqc.zip
[2023-10-30 17:06:27,877] multiqc                                            [INFO   ]  Search path : /maps/projects/mjolnir1/people/jvg691/sceloporus_mg/results/reads/Sg10.feces_1_fastqc.zip
[2023-10-30 17:06:27,877] multiqc                                            [INFO   ]  Search path : /maps/projects/mjolnir1/people/jvg691/sceloporus_mg/results/reads/Sg10.feces_2_fastqc.zip
[2023-10-30 17:06:27,877] multiqc                                            [INFO   ]  Search path : /maps/projects/mjolnir1/people/jvg691/sceloporus_mg/results/reads/Sg2.feces_1_fastqc.zip
[2023-10-30 17:06:27,877] multiqc                                            [INFO   ]  Search path : /maps/projects/mjolnir1/people/jvg691/sceloporus_mg/results/reads/Sg2.feces_2_fastqc.zip
[2023-10-30 17:06:27,877] multiqc                                            [INFO   ]  Search path : /maps/projects/mjolnir1/people/jvg691/sceloporus_mg/results/reads/Sg3.feces_1_fastqc.zip
[2023-10-30 17:06:27,877] multiqc                                            [INFO   ]  Search path : /maps/projects/mjolnir1/people/jvg691/sceloporus_mg/results/reads/Sg3.feces_2_fastqc.zip
[2023-10-30 17:06:27,877] multiqc                                            [INFO   ]  Search path : /maps/projects/mjolnir1/people/jvg691/sceloporus_mg/results/reads/Sg4.feces_1_fastqc.zip
[2023-10-30 17:06:27,877] multiqc                                            [INFO   ]  Search path : /maps/projects/mjolnir1/people/jvg691/sceloporus_mg/results/reads/Sg4.feces_2_fastqc.zip
[2023-10-30 17:06:27,877] multiqc                                            [INFO   ]  Search path : /maps/projects/mjolnir1/people/jvg691/sceloporus_mg/results/reads/Sg5.feces_1_fastqc.zip
[2023-10-30 17:06:27,877] multiqc                                            [INFO   ]  Search path : /maps/projects/mjolnir1/people/jvg691/sceloporus_mg/results/reads/Sg5.feces_2_fastqc.zip
[2023-10-30 17:06:27,877] multiqc                                            [INFO   ]  Search path : /maps/projects/mjolnir1/people/jvg691/sceloporus_mg/results/reads/Sg6.feces_1_fastqc.zip
[2023-10-30 17:06:27,877] multiqc                                            [INFO   ]  Search path : /maps/projects/mjolnir1/people/jvg691/sceloporus_mg/results/reads/Sg6.feces_2_fastqc.zip
[2023-10-30 17:06:27,877] multiqc                                            [INFO   ]  Search path : /maps/projects/mjolnir1/people/jvg691/sceloporus_mg/results/reads/Sg7.feces_1_fastqc.zip
[2023-10-30 17:06:27,877] multiqc                                            [INFO   ]  Search path : /maps/projects/mjolnir1/people/jvg691/sceloporus_mg/results/reads/Sg7.feces_2_fastqc.zip
[2023-10-30 17:06:27,877] multiqc                                            [INFO   ]  Search path : /maps/projects/mjolnir1/people/jvg691/sceloporus_mg/results/reads/Sg8.feces_1_fastqc.zip
[2023-10-30 17:06:27,877] multiqc                                            [INFO   ]  Search path : /maps/projects/mjolnir1/people/jvg691/sceloporus_mg/results/reads/Sg8.feces_2_fastqc.zip
[2023-10-30 17:06:27,877] multiqc                                            [INFO   ]  Search path : /maps/projects/mjolnir1/people/jvg691/sceloporus_mg/results/reads/Sg9.feces_1_fastqc.zip
[2023-10-30 17:06:27,877] multiqc                                            [INFO   ]  Search path : /maps/projects/mjolnir1/people/jvg691/sceloporus_mg/results/reads/Sg9.feces_2_fastqc.zip
[2023-10-30 17:06:27,898] multiqc                                            [DEBUG  ]  Summary of files that were skipped by the search: []
[2023-10-30 17:06:28,190] multiqc.plots.bargraph                             [DEBUG  ]  Using matplotlib version 3.8.0
[2023-10-30 17:06:28,192] multiqc.plots.linegraph                            [DEBUG  ]  Using matplotlib version 3.8.0
[2023-10-30 17:06:28,193] multiqc                                            [DEBUG  ]  No samples found: custom_content
[2023-10-30 17:06:31,401] multiqc.modules.fastqc.fastqc                      [DEBUG  ]  Skipping 'Sg1.cloaca_1_fastqc.zip' as already parsed 'Sg1.cloaca_1'
[2023-10-30 17:06:31,401] multiqc.modules.fastqc.fastqc                      [DEBUG  ]  Skipping 'Sg1.cloaca_2_fastqc.zip' as already parsed 'Sg1.cloaca_2'
[2023-10-30 17:06:31,401] multiqc.modules.fastqc.fastqc                      [DEBUG  ]  Skipping 'Sg1.feces_1_fastqc.zip' as already parsed 'Sg1.feces_1'
[2023-10-30 17:06:31,401] multiqc.modules.fastqc.fastqc                      [DEBUG  ]  Skipping 'Sg1.feces_2_fastqc.zip' as already parsed 'Sg1.feces_2'
[2023-10-30 17:06:31,402] multiqc.modules.fastqc.fastqc                      [DEBUG  ]  Skipping 'Sg10.cloaca_1_fastqc.zip' as already parsed 'Sg10.cloaca_1'
[2023-10-30 17:06:31,402] multiqc.modules.fastqc.fastqc                      [DEBUG  ]  Skipping 'Sg10.cloaca_2_fastqc.zip' as already parsed 'Sg10.cloaca_2'
[2023-10-30 17:06:31,402] multiqc.modules.fastqc.fastqc                      [DEBUG  ]  Skipping 'Sg10.feces_1_fastqc.zip' as already parsed 'Sg10.feces_1'
[2023-10-30 17:06:31,402] multiqc.modules.fastqc.fastqc                      [DEBUG  ]  Skipping 'Sg10.feces_2_fastqc.zip' as already parsed 'Sg10.feces_2'
[2023-10-30 17:06:31,402] multiqc.modules.fastqc.fastqc                      [DEBUG  ]  Skipping 'Sg2.cloaca_1_fastqc.zip' as already parsed 'Sg2.cloaca_1'
[2023-10-30 17:06:31,402] multiqc.modules.fastqc.fastqc                      [DEBUG  ]  Skipping 'Sg2.cloaca_2_fastqc.zip' as already parsed 'Sg2.cloaca_2'
[2023-10-30 17:06:31,402] multiqc.modules.fastqc.fastqc                      [DEBUG  ]  Skipping 'Sg2.feces_1_fastqc.zip' as already parsed 'Sg2.feces_1'
[2023-10-30 17:06:31,402] multiqc.modules.fastqc.fastqc                      [DEBUG  ]  Skipping 'Sg2.feces_2_fastqc.zip' as already parsed 'Sg2.feces_2'
[2023-10-30 17:06:31,402] multiqc.modules.fastqc.fastqc                      [DEBUG  ]  Skipping 'Sg3.cloaca_1_fastqc.zip' as already parsed 'Sg3.cloaca_1'
[2023-10-30 17:06:31,402] multiqc.modules.fastqc.fastqc                      [DEBUG  ]  Skipping 'Sg3.cloaca_2_fastqc.zip' as already parsed 'Sg3.cloaca_2'
[2023-10-30 17:06:31,402] multiqc.modules.fastqc.fastqc                      [DEBUG  ]  Skipping 'Sg3.feces_1_fastqc.zip' as already parsed 'Sg3.feces_1'
[2023-10-30 17:06:31,402] multiqc.modules.fastqc.fastqc                      [DEBUG  ]  Skipping 'Sg3.feces_2_fastqc.zip' as already parsed 'Sg3.feces_2'
[2023-10-30 17:06:31,402] multiqc.modules.fastqc.fastqc                      [DEBUG  ]  Skipping 'Sg4.cloaca_1_fastqc.zip' as already parsed 'Sg4.cloaca_1'
[2023-10-30 17:06:31,402] multiqc.modules.fastqc.fastqc                      [DEBUG  ]  Skipping 'Sg4.cloaca_2_fastqc.zip' as already parsed 'Sg4.cloaca_2'
[2023-10-30 17:06:31,402] multiqc.modules.fastqc.fastqc                      [DEBUG  ]  Skipping 'Sg4.feces_1_fastqc.zip' as already parsed 'Sg4.feces_1'
[2023-10-30 17:06:31,402] multiqc.modules.fastqc.fastqc                      [DEBUG  ]  Skipping 'Sg4.feces_2_fastqc.zip' as already parsed 'Sg4.feces_2'
[2023-10-30 17:06:31,402] multiqc.modules.fastqc.fastqc                      [DEBUG  ]  Skipping 'Sg5.cloaca_1_fastqc.zip' as already parsed 'Sg5.cloaca_1'
[2023-10-30 17:06:31,402] multiqc.modules.fastqc.fastqc                      [DEBUG  ]  Skipping 'Sg5.cloaca_2_fastqc.zip' as already parsed 'Sg5.cloaca_2'
[2023-10-30 17:06:31,402] multiqc.modules.fastqc.fastqc                      [DEBUG  ]  Skipping 'Sg5.feces_1_fastqc.zip' as already parsed 'Sg5.feces_1'
[2023-10-30 17:06:31,402] multiqc.modules.fastqc.fastqc                      [DEBUG  ]  Skipping 'Sg5.feces_2_fastqc.zip' as already parsed 'Sg5.feces_2'
[2023-10-30 17:06:31,402] multiqc.modules.fastqc.fastqc                      [DEBUG  ]  Skipping 'Sg6.cloaca_1_fastqc.zip' as already parsed 'Sg6.cloaca_1'
[2023-10-30 17:06:31,403] multiqc.modules.fastqc.fastqc                      [DEBUG  ]  Skipping 'Sg6.cloaca_2_fastqc.zip' as already parsed 'Sg6.cloaca_2'
[2023-10-30 17:06:31,403] multiqc.modules.fastqc.fastqc                      [DEBUG  ]  Skipping 'Sg6.feces_1_fastqc.zip' as already parsed 'Sg6.feces_1'
[2023-10-30 17:06:31,403] multiqc.modules.fastqc.fastqc                      [DEBUG  ]  Skipping 'Sg6.feces_2_fastqc.zip' as already parsed 'Sg6.feces_2'
[2023-10-30 17:06:31,403] multiqc.modules.fastqc.fastqc                      [DEBUG  ]  Skipping 'Sg7.cloaca_1_fastqc.zip' as already parsed 'Sg7.cloaca_1'
[2023-10-30 17:06:31,403] multiqc.modules.fastqc.fastqc                      [DEBUG  ]  Skipping 'Sg7.cloaca_2_fastqc.zip' as already parsed 'Sg7.cloaca_2'
[2023-10-30 17:06:31,403] multiqc.modules.fastqc.fastqc                      [DEBUG  ]  Skipping 'Sg7.feces_1_fastqc.zip' as already parsed 'Sg7.feces_1'
[2023-10-30 17:06:31,403] multiqc.modules.fastqc.fastqc                      [DEBUG  ]  Skipping 'Sg7.feces_2_fastqc.zip' as already parsed 'Sg7.feces_2'
[2023-10-30 17:06:31,403] multiqc.modules.fastqc.fastqc                      [DEBUG  ]  Skipping 'Sg8.cloaca_1_fastqc.zip' as already parsed 'Sg8.cloaca_1'
[2023-10-30 17:06:31,403] multiqc.modules.fastqc.fastqc                      [DEBUG  ]  Skipping 'Sg8.cloaca_2_fastqc.zip' as already parsed 'Sg8.cloaca_2'
[2023-10-30 17:06:31,403] multiqc.modules.fastqc.fastqc                      [DEBUG  ]  Skipping 'Sg8.feces_1_fastqc.zip' as already parsed 'Sg8.feces_1'
[2023-10-30 17:06:31,403] multiqc.modules.fastqc.fastqc                      [DEBUG  ]  Skipping 'Sg8.feces_2_fastqc.zip' as already parsed 'Sg8.feces_2'
[2023-10-30 17:06:31,403] multiqc.modules.fastqc.fastqc                      [DEBUG  ]  Skipping 'Sg9.cloaca_1_fastqc.zip' as already parsed 'Sg9.cloaca_1'
[2023-10-30 17:06:31,403] multiqc.modules.fastqc.fastqc                      [DEBUG  ]  Skipping 'Sg9.cloaca_2_fastqc.zip' as already parsed 'Sg9.cloaca_2'
[2023-10-30 17:06:31,403] multiqc.modules.fastqc.fastqc                      [DEBUG  ]  Skipping 'Sg9.feces_1_fastqc.zip' as already parsed 'Sg9.feces_1'
[2023-10-30 17:06:31,403] multiqc.modules.fastqc.fastqc                      [DEBUG  ]  Skipping 'Sg9.feces_2_fastqc.zip' as already parsed 'Sg9.feces_2'
[2023-10-30 17:06:31,403] multiqc.modules.fastqc.fastqc                      [DEBUG  ]  Skipping 'Sg1.cloaca_1_fastqc.zip' as already parsed 'Sg1.cloaca_1'
[2023-10-30 17:06:31,403] multiqc.modules.fastqc.fastqc                      [DEBUG  ]  Skipping 'Sg1.cloaca_2_fastqc.zip' as already parsed 'Sg1.cloaca_2'
[2023-10-30 17:06:31,403] multiqc.modules.fastqc.fastqc                      [DEBUG  ]  Skipping 'Sg10.cloaca_1_fastqc.zip' as already parsed 'Sg10.cloaca_1'
[2023-10-30 17:06:31,403] multiqc.modules.fastqc.fastqc                      [DEBUG  ]  Skipping 'Sg10.cloaca_2_fastqc.zip' as already parsed 'Sg10.cloaca_2'
[2023-10-30 17:06:31,403] multiqc.modules.fastqc.fastqc                      [DEBUG  ]  Skipping 'Sg2.cloaca_1_fastqc.zip' as already parsed 'Sg2.cloaca_1'
[2023-10-30 17:06:31,403] multiqc.modules.fastqc.fastqc                      [DEBUG  ]  Skipping 'Sg2.cloaca_2_fastqc.zip' as already parsed 'Sg2.cloaca_2'
[2023-10-30 17:06:31,403] multiqc.modules.fastqc.fastqc                      [DEBUG  ]  Skipping 'Sg3.cloaca_1_fastqc.zip' as already parsed 'Sg3.cloaca_1'
[2023-10-30 17:06:31,403] multiqc.modules.fastqc.fastqc                      [DEBUG  ]  Skipping 'Sg3.cloaca_2_fastqc.zip' as already parsed 'Sg3.cloaca_2'
[2023-10-30 17:06:31,404] multiqc.modules.fastqc.fastqc                      [DEBUG  ]  Skipping 'Sg4.cloaca_1_fastqc.zip' as already parsed 'Sg4.cloaca_1'
[2023-10-30 17:06:31,404] multiqc.modules.fastqc.fastqc                      [DEBUG  ]  Skipping 'Sg4.cloaca_2_fastqc.zip' as already parsed 'Sg4.cloaca_2'
[2023-10-30 17:06:31,404] multiqc.modules.fastqc.fastqc                      [DEBUG  ]  Skipping 'Sg5.cloaca_1_fastqc.zip' as already parsed 'Sg5.cloaca_1'
[2023-10-30 17:06:31,404] multiqc.modules.fastqc.fastqc                      [DEBUG  ]  Skipping 'Sg5.cloaca_2_fastqc.zip' as already parsed 'Sg5.cloaca_2'
[2023-10-30 17:06:31,404] multiqc.modules.fastqc.fastqc                      [DEBUG  ]  Skipping 'Sg6.cloaca_1_fastqc.zip' as already parsed 'Sg6.cloaca_1'
[2023-10-30 17:06:31,404] multiqc.modules.fastqc.fastqc                      [DEBUG  ]  Skipping 'Sg6.cloaca_2_fastqc.zip' as already parsed 'Sg6.cloaca_2'
[2023-10-30 17:06:31,404] multiqc.modules.fastqc.fastqc                      [DEBUG  ]  Skipping 'Sg7.cloaca_1_fastqc.zip' as already parsed 'Sg7.cloaca_1'
[2023-10-30 17:06:31,404] multiqc.modules.fastqc.fastqc                      [DEBUG  ]  Skipping 'Sg7.cloaca_2_fastqc.zip' as already parsed 'Sg7.cloaca_2'
[2023-10-30 17:06:31,404] multiqc.modules.fastqc.fastqc                      [DEBUG  ]  Skipping 'Sg8.cloaca_1_fastqc.zip' as already parsed 'Sg8.cloaca_1'
[2023-10-30 17:06:31,404] multiqc.modules.fastqc.fastqc                      [DEBUG  ]  Skipping 'Sg8.cloaca_2_fastqc.zip' as already parsed 'Sg8.cloaca_2'
[2023-10-30 17:06:31,404] multiqc.modules.fastqc.fastqc                      [DEBUG  ]  Skipping 'Sg9.cloaca_1_fastqc.zip' as already parsed 'Sg9.cloaca_1'
[2023-10-30 17:06:31,404] multiqc.modules.fastqc.fastqc                      [DEBUG  ]  Skipping 'Sg9.cloaca_2_fastqc.zip' as already parsed 'Sg9.cloaca_2'
[2023-10-30 17:06:31,404] multiqc.modules.fastqc.fastqc                      [DEBUG  ]  Skipping 'Sg1.feces_1_fastqc.zip' as already parsed 'Sg1.feces_1'
[2023-10-30 17:06:31,404] multiqc.modules.fastqc.fastqc                      [DEBUG  ]  Skipping 'Sg1.feces_2_fastqc.zip' as already parsed 'Sg1.feces_2'
[2023-10-30 17:06:31,404] multiqc.modules.fastqc.fastqc                      [DEBUG  ]  Skipping 'Sg10.feces_1_fastqc.zip' as already parsed 'Sg10.feces_1'
[2023-10-30 17:06:31,404] multiqc.modules.fastqc.fastqc                      [DEBUG  ]  Skipping 'Sg10.feces_2_fastqc.zip' as already parsed 'Sg10.feces_2'
[2023-10-30 17:06:31,404] multiqc.modules.fastqc.fastqc                      [DEBUG  ]  Skipping 'Sg2.feces_1_fastqc.zip' as already parsed 'Sg2.feces_1'
[2023-10-30 17:06:31,404] multiqc.modules.fastqc.fastqc                      [DEBUG  ]  Skipping 'Sg2.feces_2_fastqc.zip' as already parsed 'Sg2.feces_2'
[2023-10-30 17:06:31,404] multiqc.modules.fastqc.fastqc                      [DEBUG  ]  Skipping 'Sg3.feces_1_fastqc.zip' as already parsed 'Sg3.feces_1'
[2023-10-30 17:06:31,404] multiqc.modules.fastqc.fastqc                      [DEBUG  ]  Skipping 'Sg3.feces_2_fastqc.zip' as already parsed 'Sg3.feces_2'
[2023-10-30 17:06:31,404] multiqc.modules.fastqc.fastqc                      [DEBUG  ]  Skipping 'Sg4.feces_1_fastqc.zip' as already parsed 'Sg4.feces_1'
[2023-10-30 17:06:31,404] multiqc.modules.fastqc.fastqc                      [DEBUG  ]  Skipping 'Sg4.feces_2_fastqc.zip' as already parsed 'Sg4.feces_2'
[2023-10-30 17:06:31,404] multiqc.modules.fastqc.fastqc                      [DEBUG  ]  Skipping 'Sg5.feces_1_fastqc.zip' as already parsed 'Sg5.feces_1'
[2023-10-30 17:06:31,405] multiqc.modules.fastqc.fastqc                      [DEBUG  ]  Skipping 'Sg5.feces_2_fastqc.zip' as already parsed 'Sg5.feces_2'
[2023-10-30 17:06:31,405] multiqc.modules.fastqc.fastqc                      [DEBUG  ]  Skipping 'Sg6.feces_1_fastqc.zip' as already parsed 'Sg6.feces_1'
[2023-10-30 17:06:31,405] multiqc.modules.fastqc.fastqc                      [DEBUG  ]  Skipping 'Sg6.feces_2_fastqc.zip' as already parsed 'Sg6.feces_2'
[2023-10-30 17:06:31,405] multiqc.modules.fastqc.fastqc                      [DEBUG  ]  Skipping 'Sg7.feces_1_fastqc.zip' as already parsed 'Sg7.feces_1'
[2023-10-30 17:06:31,405] multiqc.modules.fastqc.fastqc                      [DEBUG  ]  Skipping 'Sg7.feces_2_fastqc.zip' as already parsed 'Sg7.feces_2'
[2023-10-30 17:06:31,405] multiqc.modules.fastqc.fastqc                      [DEBUG  ]  Skipping 'Sg8.feces_1_fastqc.zip' as already parsed 'Sg8.feces_1'
[2023-10-30 17:06:31,405] multiqc.modules.fastqc.fastqc                      [DEBUG  ]  Skipping 'Sg8.feces_2_fastqc.zip' as already parsed 'Sg8.feces_2'
[2023-10-30 17:06:31,405] multiqc.modules.fastqc.fastqc                      [DEBUG  ]  Skipping 'Sg9.feces_1_fastqc.zip' as already parsed 'Sg9.feces_1'
[2023-10-30 17:06:31,405] multiqc.modules.fastqc.fastqc                      [DEBUG  ]  Skipping 'Sg9.feces_2_fastqc.zip' as already parsed 'Sg9.feces_2'
[2023-10-30 17:06:31,405] multiqc.modules.fastqc.fastqc                      [INFO   ]  Found 40 reports
[2023-10-30 17:06:31,454] multiqc.utils.software_versions                    [DEBUG  ]  Reading software versions from config.software_versions
[2023-10-30 17:06:31,478] multiqc                                            [DEBUG  ]  Compressing plot data
[2023-10-30 17:06:31,811] multiqc                                            [INFO   ]  Report      : report/by_step/reads.html
[2023-10-30 17:06:31,811] multiqc                                            [INFO   ]  Data        : report/by_step/reads_data
[2023-10-30 17:06:31,811] multiqc                                            [DEBUG  ]  Moving data file from '/tmp/tmpzr1wgvol/multiqc_data' to 'report/by_step/reads_data'
[2023-10-30 17:06:31,843] multiqc                                            [DEBUG  ]  Full report path: /maps/projects/mjolnir1/people/jvg691/sceloporus_mg/report/by_step/reads.html
[2023-10-30 17:06:31,930] multiqc                                            [INFO   ]  MultiQC complete
